{"C:\\Users\\ryand\\Documents\\Projects\\addyai\\data-service\\src\\app.module.ts": {"path":"C:\\Users\\ryand\\Documents\\Projects\\addyai\\data-service\\src\\app.module.ts","statementMap":{"0":{"start":{"line":1,"column":0},"end":{"line":1,"column":40}},"1":{"start":{"line":2,"column":0},"end":{"line":2,"column":58}},"2":{"start":{"line":3,"column":0},"end":{"line":3,"column":64}},"3":{"start":{"line":4,"column":0},"end":{"line":4,"column":67}},"4":{"start":{"line":5,"column":0},"end":{"line":5,"column":73}},"5":{"start":{"line":6,"column":0},"end":{"line":6,"column":43}},"6":{"start":{"line":7,"column":0},"end":{"line":7,"column":55}},"7":{"start":{"line":8,"column":0},"end":{"line":8,"column":67}},"8":{"start":{"line":9,"column":0},"end":{"line":9,"column":51}},"9":{"start":{"line":10,"column":0},"end":{"line":10,"column":46}},"10":{"start":{"line":11,"column":0},"end":{"line":11,"column":43}},"11":{"start":{"line":25,"column":7},"end":{"line":25,"column":null}},"12":{"start":{"line":25,"column":13},"end":{"line":25,"column":22}},"13":{"start":{"line":25,"column":13},"end":{"line":25,"column":null}}},"fnMap":{},"branchMap":{},"s":{"0":0,"1":0,"2":0,"3":0,"4":0,"5":0,"6":0,"7":0,"8":0,"9":0,"10":0,"11":0,"12":0,"13":0},"f":{},"b":{}}
,"C:\\Users\\ryand\\Documents\\Projects\\addyai\\data-service\\src\\data.module.ts": {"path":"C:\\Users\\ryand\\Documents\\Projects\\addyai\\data-service\\src\\data.module.ts","statementMap":{"0":{"start":{"line":1,"column":0},"end":{"line":1,"column":40}},"1":{"start":{"line":2,"column":0},"end":{"line":2,"column":48}},"2":{"start":{"line":3,"column":0},"end":{"line":3,"column":58}},"3":{"start":{"line":4,"column":0},"end":{"line":4,"column":44}},"4":{"start":{"line":5,"column":0},"end":{"line":5,"column":67}},"5":{"start":{"line":13,"column":7},"end":{"line":13,"column":null}},"6":{"start":{"line":13,"column":13},"end":{"line":13,"column":23}},"7":{"start":{"line":13,"column":13},"end":{"line":13,"column":null}}},"fnMap":{},"branchMap":{},"s":{"0":0,"1":0,"2":0,"3":0,"4":0,"5":0,"6":0,"7":0},"f":{},"b":{}}
,"C:\\Users\\ryand\\Documents\\Projects\\addyai\\data-service\\src\\main.ts": {"path":"C:\\Users\\ryand\\Documents\\Projects\\addyai\\data-service\\src\\main.ts","statementMap":{"0":{"start":{"line":1,"column":0},"end":{"line":1,"column":43}},"1":{"start":{"line":2,"column":0},"end":{"line":2,"column":41}},"2":{"start":{"line":5,"column":14},"end":{"line":5,"column":49}},"3":{"start":{"line":6,"column":2},"end":{"line":9,"column":5}},"4":{"start":{"line":10,"column":2},"end":{"line":10,"column":45}},"5":{"start":{"line":12,"column":0},"end":{"line":12,"column":12}}},"fnMap":{"0":{"name":"bootstrap","decl":{"start":{"line":4,"column":15},"end":{"line":4,"column":24}},"loc":{"start":{"line":4,"column":24},"end":{"line":11,"column":1}}}},"branchMap":{"0":{"loc":{"start":{"line":10,"column":19},"end":{"line":10,"column":43}},"type":"binary-expr","locations":[{"start":{"line":10,"column":19},"end":{"line":10,"column":35}},{"start":{"line":10,"column":39},"end":{"line":10,"column":43}}]}},"s":{"0":0,"1":0,"2":0,"3":0,"4":0,"5":0},"f":{"0":0},"b":{"0":[0,0]}}
,"C:\\Users\\ryand\\Documents\\Projects\\addyai\\data-service\\src\\postgres.module.ts": {"path":"C:\\Users\\ryand\\Documents\\Projects\\addyai\\data-service\\src\\postgres.module.ts","statementMap":{"0":{"start":{"line":1,"column":0},"end":{"line":1,"column":40}},"1":{"start":{"line":2,"column":0},"end":{"line":2,"column":48}},"2":{"start":{"line":3,"column":0},"end":{"line":3,"column":47}},"3":{"start":{"line":22,"column":7},"end":{"line":22,"column":null}},"4":{"start":{"line":22,"column":13},"end":{"line":22,"column":27}},"5":{"start":{"line":22,"column":13},"end":{"line":22,"column":null}},"6":{"start":{"line":9,"column":46},"end":{"line":18,"column":8}}},"fnMap":{"0":{"name":"(anonymous_1)","decl":{"start":{"line":9,"column":18},"end":{"line":9,"column":19}},"loc":{"start":{"line":9,"column":46},"end":{"line":18,"column":8}}}},"branchMap":{},"s":{"0":0,"1":0,"2":0,"3":0,"4":0,"5":0,"6":0},"f":{"0":0},"b":{}}
,"C:\\Users\\ryand\\Documents\\Projects\\addyai\\data-service\\src\\controller\\auth\\auth.controller.ts": {"path":"C:\\Users\\ryand\\Documents\\Projects\\addyai\\data-service\\src\\controller\\auth\\auth.controller.ts","statementMap":{"0":{"start":{"line":1,"column":0},"end":{"line":1,"column":79}},"1":{"start":{"line":2,"column":0},"end":{"line":2,"column":62}},"2":{"start":{"line":6,"column":7},"end":{"line":18,"column":null}},"3":{"start":{"line":7,"column":33},"end":{"line":7,"column":46}},"4":{"start":{"line":11,"column":8},"end":{"line":16,"column":9}},"5":{"start":{"line":13,"column":12},"end":{"line":13,"column":62}},"6":{"start":{"line":15,"column":12},"end":{"line":15,"column":null}},"7":{"start":{"line":6,"column":13},"end":{"line":6,"column":27}},"8":{"start":{"line":10,"column":10},"end":{"line":17,"column":null}},"9":{"start":{"line":6,"column":13},"end":{"line":18,"column":null}}},"fnMap":{"0":{"name":"(anonymous_4)","decl":{"start":{"line":7,"column":4},"end":{"line":7,"column":33}},"loc":{"start":{"line":7,"column":57},"end":{"line":7,"column":62}}},"1":{"name":"(anonymous_5)","decl":{"start":{"line":10,"column":4},"end":{"line":10,"column":9}},"loc":{"start":{"line":10,"column":47},"end":{"line":17,"column":5}}}},"branchMap":{},"s":{"0":1,"1":1,"2":1,"3":2,"4":2,"5":2,"6":1,"7":1,"8":1,"9":1},"f":{"0":2,"1":2},"b":{}}
,"C:\\Users\\ryand\\Documents\\Projects\\addyai\\data-service\\src\\controller\\data\\data.controller.ts": {"path":"C:\\Users\\ryand\\Documents\\Projects\\addyai\\data-service\\src\\controller\\data\\data.controller.ts","statementMap":{"0":{"start":{"line":1,"column":0},"end":{"line":1,"column":44}},"1":{"start":{"line":4,"column":7},"end":{"line":7,"column":null}},"2":{"start":{"line":4,"column":13},"end":{"line":4,"column":27}},"3":{"start":{"line":4,"column":13},"end":{"line":7,"column":null}}},"fnMap":{"0":{"name":"(anonymous_2)","decl":{"start":{"line":6,"column":4},"end":{"line":6,"column":19}},"loc":{"start":{"line":6,"column":4},"end":{"line":6,"column":20}}}},"branchMap":{},"s":{"0":0,"1":0,"2":0,"3":0},"f":{"0":0},"b":{}}
,"C:\\Users\\ryand\\Documents\\Projects\\addyai\\data-service\\src\\controller\\google\\google.controller.ts": {"path":"C:\\Users\\ryand\\Documents\\Projects\\addyai\\data-service\\src\\controller\\google\\google.controller.ts","statementMap":{"0":{"start":{"line":1,"column":0},"end":{"line":1,"column":96}},"1":{"start":{"line":2,"column":0},"end":{"line":2,"column":68}},"2":{"start":{"line":5,"column":7},"end":{"line":40,"column":null}},"3":{"start":{"line":7,"column":33},"end":{"line":7,"column":48}},"4":{"start":{"line":19,"column":26},"end":{"line":19,"column":28}},"5":{"start":{"line":21,"column":8},"end":{"line":24,"column":9}},"6":{"start":{"line":22,"column":12},"end":{"line":22,"column":58}},"7":{"start":{"line":23,"column":12},"end":{"line":23,"column":76}},"8":{"start":{"line":26,"column":8},"end":{"line":31,"column":9}},"9":{"start":{"line":28,"column":12},"end":{"line":28,"column":79}},"10":{"start":{"line":30,"column":12},"end":{"line":30,"column":24}},"11":{"start":{"line":33,"column":8},"end":{"line":36,"column":9}},"12":{"start":{"line":34,"column":12},"end":{"line":34,"column":72}},"13":{"start":{"line":35,"column":12},"end":{"line":35,"column":65}},"14":{"start":{"line":38,"column":8},"end":{"line":38,"column":27}},"15":{"start":{"line":5,"column":13},"end":{"line":5,"column":29}},"16":{"start":{"line":18,"column":10},"end":{"line":39,"column":null}},"17":{"start":{"line":5,"column":13},"end":{"line":40,"column":null}}},"fnMap":{"0":{"name":"(anonymous_4)","decl":{"start":{"line":7,"column":4},"end":{"line":7,"column":33}},"loc":{"start":{"line":7,"column":61},"end":{"line":7,"column":65}}},"1":{"name":"(anonymous_5)","decl":{"start":{"line":18,"column":4},"end":{"line":18,"column":9}},"loc":{"start":{"line":18,"column":68},"end":{"line":39,"column":5}}}},"branchMap":{"0":{"loc":{"start":{"line":21,"column":8},"end":{"line":24,"column":9}},"type":"if","locations":[{"start":{"line":21,"column":8},"end":{"line":24,"column":9}}]},"1":{"loc":{"start":{"line":21,"column":12},"end":{"line":21,"column":48}},"type":"binary-expr","locations":[{"start":{"line":21,"column":12},"end":{"line":21,"column":25}},{"start":{"line":21,"column":29},"end":{"line":21,"column":48}}]},"2":{"loc":{"start":{"line":33,"column":8},"end":{"line":36,"column":9}},"type":"if","locations":[{"start":{"line":33,"column":8},"end":{"line":36,"column":9}}]},"3":{"loc":{"start":{"line":33,"column":12},"end":{"line":33,"column":52}},"type":"binary-expr","locations":[{"start":{"line":33,"column":12},"end":{"line":33,"column":24}},{"start":{"line":33,"column":28},"end":{"line":33,"column":52}}]}},"s":{"0":1,"1":1,"2":1,"3":4,"4":5,"5":5,"6":2,"7":2,"8":3,"9":3,"10":1,"11":2,"12":1,"13":1,"14":1,"15":1,"16":1,"17":1},"f":{"0":4,"1":5},"b":{"0":[2],"1":[5,3],"2":[1],"3":[2,2]}}
,"C:\\Users\\ryand\\Documents\\Projects\\addyai\\data-service\\src\\controller\\user\\user.controller.ts": {"path":"C:\\Users\\ryand\\Documents\\Projects\\addyai\\data-service\\src\\controller\\user\\user.controller.ts","statementMap":{"0":{"start":{"line":1,"column":0},"end":{"line":1,"column":55}},"1":{"start":{"line":2,"column":0},"end":{"line":2,"column":62}},"2":{"start":{"line":4,"column":0},"end":{"line":4,"column":45}},"3":{"start":{"line":7,"column":7},"end":{"line":18,"column":null}},"4":{"start":{"line":8,"column":24},"end":{"line":8,"column":37}},"5":{"start":{"line":12,"column":8},"end":{"line":16,"column":9}},"6":{"start":{"line":13,"column":12},"end":{"line":13,"column":62}},"7":{"start":{"line":15,"column":12},"end":{"line":15,"column":24}},"8":{"start":{"line":7,"column":13},"end":{"line":7,"column":27}},"9":{"start":{"line":11,"column":10},"end":{"line":17,"column":null}},"10":{"start":{"line":7,"column":13},"end":{"line":18,"column":null}}},"fnMap":{"0":{"name":"(anonymous_4)","decl":{"start":{"line":8,"column":4},"end":{"line":8,"column":24}},"loc":{"start":{"line":8,"column":48},"end":{"line":8,"column":52}}},"1":{"name":"(anonymous_5)","decl":{"start":{"line":11,"column":4},"end":{"line":11,"column":9}},"loc":{"start":{"line":11,"column":41},"end":{"line":17,"column":5}}}},"branchMap":{},"s":{"0":1,"1":1,"2":1,"3":1,"4":2,"5":2,"6":2,"7":1,"8":1,"9":1,"10":1},"f":{"0":2,"1":2},"b":{}}
,"C:\\Users\\ryand\\Documents\\Projects\\addyai\\data-service\\src\\dto\\user.dto.ts": {"path":"C:\\Users\\ryand\\Documents\\Projects\\addyai\\data-service\\src\\dto\\user.dto.ts","statementMap":{"0":{"start":{"line":1,"column":0},"end":{"line":1,"column":13}}},"fnMap":{},"branchMap":{},"s":{"0":1},"f":{},"b":{}}
,"C:\\Users\\ryand\\Documents\\Projects\\addyai\\data-service\\src\\entity\\user.entity.ts": {"path":"C:\\Users\\ryand\\Documents\\Projects\\addyai\\data-service\\src\\entity\\user.entity.ts","statementMap":{"0":{"start":{"line":1,"column":0},"end":{"line":1,"column":72}},"1":{"start":{"line":4,"column":7},"end":{"line":41,"column":null}},"2":{"start":{"line":4,"column":13},"end":{"line":4,"column":17}},"3":{"start":{"line":6,"column":2},"end":{"line":6,"column":null}},"4":{"start":{"line":10,"column":2},"end":{"line":10,"column":null}},"5":{"start":{"line":13,"column":2},"end":{"line":13,"column":null}},"6":{"start":{"line":16,"column":2},"end":{"line":16,"column":null}},"7":{"start":{"line":19,"column":2},"end":{"line":19,"column":null}},"8":{"start":{"line":22,"column":2},"end":{"line":22,"column":null}},"9":{"start":{"line":25,"column":2},"end":{"line":25,"column":null}},"10":{"start":{"line":28,"column":2},"end":{"line":28,"column":null}},"11":{"start":{"line":31,"column":2},"end":{"line":31,"column":null}},"12":{"start":{"line":34,"column":2},"end":{"line":34,"column":null}},"13":{"start":{"line":37,"column":2},"end":{"line":37,"column":null}},"14":{"start":{"line":40,"column":2},"end":{"line":40,"column":null}},"15":{"start":{"line":4,"column":13},"end":{"line":41,"column":null}}},"fnMap":{},"branchMap":{},"s":{"0":2,"1":2,"2":2,"3":2,"4":2,"5":2,"6":2,"7":2,"8":2,"9":2,"10":2,"11":2,"12":2,"13":2,"14":2,"15":2},"f":{},"b":{}}
,"C:\\Users\\ryand\\Documents\\Projects\\addyai\\data-service\\src\\model\\token.model.ts": {"path":"C:\\Users\\ryand\\Documents\\Projects\\addyai\\data-service\\src\\model\\token.model.ts","statementMap":{"0":{"start":{"line":1,"column":0},"end":{"line":1,"column":13}}},"fnMap":{},"branchMap":{},"s":{"0":0},"f":{},"b":{}}
,"C:\\Users\\ryand\\Documents\\Projects\\addyai\\data-service\\src\\service\\auth\\auth.service.ts": {"path":"C:\\Users\\ryand\\Documents\\Projects\\addyai\\data-service\\src\\service\\auth\\auth.service.ts","statementMap":{"0":{"start":{"line":1,"column":0},"end":{"line":1,"column":44}},"1":{"start":{"line":2,"column":0},"end":{"line":2,"column":74}},"2":{"start":{"line":3,"column":0},"end":{"line":3,"column":38}},"3":{"start":{"line":4,"column":0},"end":{"line":4,"column":48}},"4":{"start":{"line":8,"column":7},"end":{"line":60,"column":null}},"5":{"start":{"line":10,"column":21},"end":{"line":10,"column":34}},"6":{"start":{"line":11,"column":21},"end":{"line":11,"column":33}},"7":{"start":{"line":15,"column":16},"end":{"line":15,"column":44}},"8":{"start":{"line":16,"column":20},"end":{"line":16,"column":48}},"9":{"start":{"line":18,"column":4},"end":{"line":47,"column":5}},"10":{"start":{"line":19,"column":23},"end":{"line":24,"column":null}},"11":{"start":{"line":27,"column":23},"end":{"line":27,"column":45}},"12":{"start":{"line":28,"column":6},"end":{"line":31,"column":7}},"13":{"start":{"line":29,"column":8},"end":{"line":29,"column":49}},"14":{"start":{"line":30,"column":8},"end":{"line":30,"column":null}},"15":{"start":{"line":32,"column":20},"end":{"line":32,"column":71}},"16":{"start":{"line":33,"column":6},"end":{"line":36,"column":7}},"17":{"start":{"line":34,"column":8},"end":{"line":34,"column":44}},"18":{"start":{"line":35,"column":8},"end":{"line":35,"column":71}},"19":{"start":{"line":38,"column":6},"end":{"line":43,"column":8}},"20":{"start":{"line":45,"column":6},"end":{"line":45,"column":85}},"21":{"start":{"line":46,"column":6},"end":{"line":46,"column":52}},"22":{"start":{"line":51,"column":20},"end":{"line":51,"column":41}},"23":{"start":{"line":52,"column":4},"end":{"line":52,"column":33}},"24":{"start":{"line":53,"column":4},"end":{"line":53,"column":59}},"25":{"start":{"line":54,"column":4},"end":{"line":54,"column":70}},"26":{"start":{"line":55,"column":4},"end":{"line":55,"column":68}},"27":{"start":{"line":56,"column":4},"end":{"line":56,"column":55}},"28":{"start":{"line":58,"column":4},"end":{"line":58,"column":19}},"29":{"start":{"line":8,"column":13},"end":{"line":8,"column":24}},"30":{"start":{"line":8,"column":13},"end":{"line":60,"column":null}}},"fnMap":{"0":{"name":"(anonymous_2)","decl":{"start":{"line":9,"column":2},"end":{"line":9,"column":null}},"loc":{"start":{"line":11,"column":43},"end":{"line":12,"column":6}}},"1":{"name":"(anonymous_3)","decl":{"start":{"line":14,"column":2},"end":{"line":14,"column":7}},"loc":{"start":{"line":14,"column":34},"end":{"line":48,"column":3}}},"2":{"name":"(anonymous_4)","decl":{"start":{"line":50,"column":10},"end":{"line":50,"column":27}},"loc":{"start":{"line":50,"column":40},"end":{"line":59,"column":3}}}},"branchMap":{"0":{"loc":{"start":{"line":28,"column":6},"end":{"line":31,"column":7}},"type":"if","locations":[{"start":{"line":28,"column":6},"end":{"line":31,"column":7}}]},"1":{"loc":{"start":{"line":33,"column":6},"end":{"line":36,"column":7}},"type":"if","locations":[{"start":{"line":33,"column":6},"end":{"line":36,"column":7}}]},"2":{"loc":{"start":{"line":45,"column":46},"end":{"line":45,"column":83}},"type":"binary-expr","locations":[{"start":{"line":45,"column":46},"end":{"line":45,"column":66}},{"start":{"line":45,"column":70},"end":{"line":45,"column":83}}]}},"s":{"0":2,"1":2,"2":2,"3":2,"4":2,"5":4,"6":4,"7":4,"8":4,"9":4,"10":4,"11":3,"12":3,"13":1,"14":1,"15":2,"16":2,"17":1,"18":1,"19":1,"20":3,"21":3,"22":4,"23":4,"24":4,"25":4,"26":4,"27":4,"28":4,"29":2,"30":2},"f":{"0":4,"1":4,"2":4},"b":{"0":[1],"1":[1],"2":[3,3]}}
,"C:\\Users\\ryand\\Documents\\Projects\\addyai\\data-service\\src\\service\\google\\google.service.ts": {"path":"C:\\Users\\ryand\\Documents\\Projects\\addyai\\data-service\\src\\service\\google\\google.service.ts","statementMap":{"0":{"start":{"line":1,"column":0},"end":{"line":1,"column":44}},"1":{"start":{"line":2,"column":0},"end":{"line":2,"column":46}},"2":{"start":{"line":5,"column":7},"end":{"line":53,"column":null}},"3":{"start":{"line":9,"column":4},"end":{"line":13,"column":7}},"4":{"start":{"line":18,"column":21},"end":{"line":18,"column":80}},"5":{"start":{"line":19,"column":4},"end":{"line":25,"column":5}},"6":{"start":{"line":20,"column":6},"end":{"line":20,"column":45}},"7":{"start":{"line":22,"column":28},"end":{"line":22,"column":66}},"8":{"start":{"line":22,"column":54},"end":{"line":22,"column":65}},"9":{"start":{"line":23,"column":6},"end":{"line":23,"column":51}},"10":{"start":{"line":24,"column":6},"end":{"line":24,"column":18}},"11":{"start":{"line":26,"column":4},"end":{"line":26,"column":20}},"12":{"start":{"line":30,"column":4},"end":{"line":38,"column":5}},"13":{"start":{"line":32,"column":8},"end":{"line":32,"column":63}},"14":{"start":{"line":34,"column":6},"end":{"line":34,"column":52}},"15":{"start":{"line":36,"column":6},"end":{"line":36,"column":97}},"16":{"start":{"line":37,"column":6},"end":{"line":37,"column":18}},"17":{"start":{"line":42,"column":4},"end":{"line":51,"column":5}},"18":{"start":{"line":43,"column":6},"end":{"line":47,"column":9}},"19":{"start":{"line":49,"column":6},"end":{"line":49,"column":136}},"20":{"start":{"line":50,"column":6},"end":{"line":50,"column":18}},"21":{"start":{"line":5,"column":13},"end":{"line":5,"column":26}},"22":{"start":{"line":5,"column":13},"end":{"line":53,"column":null}}},"fnMap":{"0":{"name":"(anonymous_2)","decl":{"start":{"line":8,"column":2},"end":{"line":8,"column":null}},"loc":{"start":{"line":8,"column":2},"end":{"line":14,"column":3}}},"1":{"name":"(anonymous_3)","decl":{"start":{"line":16,"column":2},"end":{"line":16,"column":7}},"loc":{"start":{"line":16,"column":102},"end":{"line":27,"column":3}}},"2":{"name":"(anonymous_4)","decl":{"start":{"line":22,"column":45},"end":{"line":22,"column":46}},"loc":{"start":{"line":22,"column":54},"end":{"line":22,"column":65}}},"3":{"name":"(anonymous_5)","decl":{"start":{"line":29,"column":2},"end":{"line":29,"column":7}},"loc":{"start":{"line":29,"column":42},"end":{"line":39,"column":3}}},"4":{"name":"(anonymous_6)","decl":{"start":{"line":41,"column":2},"end":{"line":41,"column":13}},"loc":{"start":{"line":41,"column":80},"end":{"line":52,"column":3}}}},"branchMap":{},"s":{"0":2,"1":2,"2":2,"3":7,"4":2,"5":2,"6":2,"7":1,"8":2,"9":1,"10":1,"11":1,"12":2,"13":2,"14":1,"15":1,"16":1,"17":4,"18":4,"19":1,"20":1,"21":2,"22":2},"f":{"0":7,"1":2,"2":2,"3":2,"4":4},"b":{}}
,"C:\\Users\\ryand\\Documents\\Projects\\addyai\\data-service\\src\\service\\jwt\\jwt.service.ts": {"path":"C:\\Users\\ryand\\Documents\\Projects\\addyai\\data-service\\src\\service\\jwt\\jwt.service.ts","statementMap":{"0":{"start":{"line":1,"column":0},"end":{"line":1,"column":74}},"1":{"start":{"line":2,"column":0},"end":{"line":2,"column":36}},"2":{"start":{"line":5,"column":7},"end":{"line":16,"column":null}},"3":{"start":{"line":7,"column":4},"end":{"line":14,"column":5}},"4":{"start":{"line":9,"column":22},"end":{"line":9,"column":59}},"5":{"start":{"line":10,"column":6},"end":{"line":10,"column":21}},"6":{"start":{"line":12,"column":6},"end":{"line":12,"column":50}},"7":{"start":{"line":13,"column":6},"end":{"line":13,"column":82}},"8":{"start":{"line":5,"column":13},"end":{"line":5,"column":23}},"9":{"start":{"line":5,"column":13},"end":{"line":16,"column":null}}},"fnMap":{"0":{"name":"(anonymous_1)","decl":{"start":{"line":6,"column":2},"end":{"line":6,"column":13}},"loc":{"start":{"line":6,"column":27},"end":{"line":15,"column":3}}}},"branchMap":{},"s":{"0":3,"1":3,"2":3,"3":2,"4":2,"5":1,"6":1,"7":1,"8":3,"9":3},"f":{"0":2},"b":{}}
,"C:\\Users\\ryand\\Documents\\Projects\\addyai\\data-service\\src\\service\\user\\user.service.ts": {"path":"C:\\Users\\ryand\\Documents\\Projects\\addyai\\data-service\\src\\service\\user\\user.service.ts","statementMap":{"0":{"start":{"line":1,"column":0},"end":{"line":1,"column":74}},"1":{"start":{"line":2,"column":0},"end":{"line":2,"column":51}},"2":{"start":{"line":4,"column":0},"end":{"line":4,"column":48}},"3":{"start":{"line":5,"column":0},"end":{"line":5,"column":37}},"4":{"start":{"line":8,"column":7},"end":{"line":98,"column":null}},"5":{"start":{"line":11,"column":21},"end":{"line":11,"column":38}},"6":{"start":{"line":15,"column":23},"end":{"line":28,"column":6}},"7":{"start":{"line":31,"column":4},"end":{"line":35,"column":5}},"8":{"start":{"line":32,"column":6},"end":{"line":32,"column":91}},"9":{"start":{"line":34,"column":6},"end":{"line":34,"column":93}},"10":{"start":{"line":37,"column":4},"end":{"line":55,"column":5}},"11":{"start":{"line":38,"column":6},"end":{"line":43,"column":7}},"12":{"start":{"line":39,"column":8},"end":{"line":39,"column":32}},"13":{"start":{"line":41,"column":8},"end":{"line":41,"column":107}},"14":{"start":{"line":42,"column":8},"end":{"line":42,"column":79}},"15":{"start":{"line":46,"column":6},"end":{"line":52,"column":7}},"16":{"start":{"line":48,"column":8},"end":{"line":48,"column":92}},"17":{"start":{"line":50,"column":8},"end":{"line":50,"column":106}},"18":{"start":{"line":51,"column":8},"end":{"line":51,"column":78}},"19":{"start":{"line":54,"column":6},"end":{"line":54,"column":25}},"20":{"start":{"line":58,"column":4},"end":{"line":64,"column":5}},"21":{"start":{"line":60,"column":6},"end":{"line":60,"column":44}},"22":{"start":{"line":62,"column":6},"end":{"line":62,"column":81}},"23":{"start":{"line":63,"column":6},"end":{"line":63,"column":72}},"24":{"start":{"line":66,"column":4},"end":{"line":66,"column":23}},"25":{"start":{"line":71,"column":4},"end":{"line":75,"column":5}},"26":{"start":{"line":72,"column":6},"end":{"line":72,"column":60}},"27":{"start":{"line":74,"column":6},"end":{"line":74,"column":18}},"28":{"start":{"line":77,"column":4},"end":{"line":77,"column":56}},"29":{"start":{"line":81,"column":4},"end":{"line":96,"column":5}},"30":{"start":{"line":82,"column":6},"end":{"line":93,"column":9}},"31":{"start":{"line":95,"column":6},"end":{"line":95,"column":18}},"32":{"start":{"line":8,"column":13},"end":{"line":8,"column":24}},"33":{"start":{"line":8,"column":13},"end":{"line":98,"column":null}}},"fnMap":{"0":{"name":"(anonymous_4)","decl":{"start":{"line":9,"column":2},"end":{"line":9,"column":null}},"loc":{"start":{"line":11,"column":54},"end":{"line":12,"column":6}}},"1":{"name":"(anonymous_5)","decl":{"start":{"line":14,"column":2},"end":{"line":14,"column":7}},"loc":{"start":{"line":14,"column":35},"end":{"line":67,"column":3}}},"2":{"name":"(anonymous_6)","decl":{"start":{"line":69,"column":10},"end":{"line":69,"column":15}},"loc":{"start":{"line":69,"column":33},"end":{"line":78,"column":3}}},"3":{"name":"(anonymous_7)","decl":{"start":{"line":80,"column":10},"end":{"line":80,"column":16}},"loc":{"start":{"line":80,"column":27},"end":{"line":97,"column":3}}}},"branchMap":{"0":{"loc":{"start":{"line":37,"column":4},"end":{"line":55,"column":5}},"type":"if","locations":[{"start":{"line":37,"column":4},"end":{"line":55,"column":5}}]}},"s":{"0":2,"1":2,"2":2,"3":2,"4":2,"5":8,"6":6,"7":6,"8":6,"9":1,"10":6,"11":3,"12":3,"13":1,"14":1,"15":2,"16":2,"17":1,"18":1,"19":1,"20":3,"21":3,"22":1,"23":1,"24":2,"25":4,"26":4,"27":1,"28":3,"29":3,"30":3,"31":0,"32":2,"33":2},"f":{"0":8,"1":6,"2":4,"3":3},"b":{"0":[3]}}
}
