TN:
SF:src\app.module.ts
FNF:0
FNH:0
DA:1,0
DA:2,0
DA:3,0
DA:4,0
DA:5,0
DA:6,0
DA:7,0
DA:8,0
DA:9,0
DA:10,0
DA:11,0
DA:25,0
LF:12
LH:0
BRF:0
BRH:0
end_of_record
TN:
SF:src\data.module.ts
FNF:0
FNH:0
DA:1,0
DA:2,0
DA:3,0
DA:4,0
DA:5,0
DA:13,0
LF:6
LH:0
BRF:0
BRH:0
end_of_record
TN:
SF:src\main.ts
FN:4,bootstrap
FNF:1
FNH:0
FNDA:0,bootstrap
DA:1,0
DA:2,0
DA:5,0
DA:6,0
DA:10,0
DA:12,0
LF:6
LH:0
BRDA:10,0,0,0
BRDA:10,0,1,0
BRF:2
BRH:0
end_of_record
TN:
SF:src\postgres.module.ts
FN:9,(anonymous_1)
FNF:1
FNH:0
FNDA:0,(anonymous_1)
DA:1,0
DA:2,0
DA:3,0
DA:9,0
DA:22,0
LF:5
LH:0
BRF:0
BRH:0
end_of_record
TN:
SF:src\controller\auth\auth.controller.ts
FN:7,(anonymous_4)
FN:10,(anonymous_5)
FNF:2
FNH:2
FNDA:2,(anonymous_4)
FNDA:2,(anonymous_5)
DA:1,1
DA:2,1
DA:6,1
DA:7,2
DA:10,1
DA:11,2
DA:13,2
DA:15,1
LF:8
LH:8
BRF:0
BRH:0
end_of_record
TN:
SF:src\controller\data\data.controller.ts
FN:6,(anonymous_2)
FNF:1
FNH:0
FNDA:0,(anonymous_2)
DA:1,0
DA:4,0
LF:2
LH:0
BRF:0
BRH:0
end_of_record
TN:
SF:src\controller\google\google.controller.ts
FN:7,(anonymous_4)
FN:18,(anonymous_5)
FNF:2
FNH:2
FNDA:4,(anonymous_4)
FNDA:5,(anonymous_5)
DA:1,1
DA:2,1
DA:5,1
DA:7,4
DA:18,1
DA:19,5
DA:21,5
DA:22,2
DA:23,2
DA:26,3
DA:28,3
DA:30,1
DA:33,2
DA:34,1
DA:35,1
DA:38,1
LF:16
LH:16
BRDA:21,0,0,2
BRDA:21,1,0,5
BRDA:21,1,1,3
BRDA:33,2,0,1
BRDA:33,3,0,2
BRDA:33,3,1,2
BRF:6
BRH:6
end_of_record
TN:
SF:src\controller\user\user.controller.ts
FN:8,(anonymous_4)
FN:11,(anonymous_5)
FNF:2
FNH:2
FNDA:2,(anonymous_4)
FNDA:2,(anonymous_5)
DA:1,1
DA:2,1
DA:4,1
DA:7,1
DA:8,2
DA:11,1
DA:12,2
DA:13,2
DA:15,1
LF:9
LH:9
BRF:0
BRH:0
end_of_record
TN:
SF:src\dto\user.dto.ts
FNF:0
FNH:0
DA:1,1
LF:1
LH:1
BRF:0
BRH:0
end_of_record
TN:
SF:src\entity\user.entity.ts
FNF:0
FNH:0
DA:1,2
DA:4,2
DA:6,2
DA:10,2
DA:13,2
DA:16,2
DA:19,2
DA:22,2
DA:25,2
DA:28,2
DA:31,2
DA:34,2
DA:37,2
DA:40,2
LF:14
LH:14
BRF:0
BRH:0
end_of_record
TN:
SF:src\model\token.model.ts
FNF:0
FNH:0
DA:1,0
LF:1
LH:0
BRF:0
BRH:0
end_of_record
TN:
SF:src\service\auth\auth.service.ts
FN:9,(anonymous_2)
FN:14,(anonymous_3)
FN:50,(anonymous_4)
FNF:3
FNH:3
FNDA:4,(anonymous_2)
FNDA:4,(anonymous_3)
FNDA:4,(anonymous_4)
DA:1,2
DA:2,2
DA:3,2
DA:4,2
DA:8,2
DA:10,4
DA:11,4
DA:15,4
DA:16,4
DA:18,4
DA:19,4
DA:27,3
DA:28,3
DA:29,1
DA:30,1
DA:32,2
DA:33,2
DA:34,1
DA:35,1
DA:38,1
DA:45,3
DA:46,3
DA:51,4
DA:52,4
DA:53,4
DA:54,4
DA:55,4
DA:56,4
DA:58,4
LF:29
LH:29
BRDA:28,0,0,1
BRDA:33,1,0,1
BRDA:45,2,0,3
BRDA:45,2,1,3
BRF:4
BRH:4
end_of_record
TN:
SF:src\service\google\google.service.ts
FN:8,(anonymous_2)
FN:16,(anonymous_3)
FN:22,(anonymous_4)
FN:29,(anonymous_5)
FN:41,(anonymous_6)
FNF:5
FNH:5
FNDA:7,(anonymous_2)
FNDA:2,(anonymous_3)
FNDA:2,(anonymous_4)
FNDA:2,(anonymous_5)
FNDA:4,(anonymous_6)
DA:1,2
DA:2,2
DA:5,2
DA:9,7
DA:18,2
DA:19,2
DA:20,2
DA:22,2
DA:23,1
DA:24,1
DA:26,1
DA:30,2
DA:32,2
DA:34,1
DA:36,1
DA:37,1
DA:42,4
DA:43,4
DA:49,1
DA:50,1
LF:20
LH:20
BRF:0
BRH:0
end_of_record
TN:
SF:src\service\jwt\jwt.service.ts
FN:6,(anonymous_1)
FNF:1
FNH:1
FNDA:2,(anonymous_1)
DA:1,3
DA:2,3
DA:5,3
DA:7,2
DA:9,2
DA:10,1
DA:12,1
DA:13,1
LF:8
LH:8
BRF:0
BRH:0
end_of_record
TN:
SF:src\service\user\user.service.ts
FN:9,(anonymous_4)
FN:14,(anonymous_5)
FN:69,(anonymous_6)
FN:80,(anonymous_7)
FNF:4
FNH:4
FNDA:8,(anonymous_4)
FNDA:6,(anonymous_5)
FNDA:4,(anonymous_6)
FNDA:3,(anonymous_7)
DA:1,2
DA:2,2
DA:4,2
DA:5,2
DA:8,2
DA:11,8
DA:15,6
DA:31,6
DA:32,6
DA:34,1
DA:37,6
DA:38,3
DA:39,3
DA:41,1
DA:42,1
DA:46,2
DA:48,2
DA:50,1
DA:51,1
DA:54,1
DA:58,3
DA:60,3
DA:62,1
DA:63,1
DA:66,2
DA:71,4
DA:72,4
DA:74,1
DA:77,3
DA:81,3
DA:82,3
DA:95,0
LF:32
LH:31
BRDA:37,0,0,3
BRF:1
BRH:1
end_of_record
